<?xml version="1.0" encoding="UTF-8"?>
<!-- Generated by org.testng.reporters.JUnitXMLReporter -->
<testsuite ignored="0" hostname="FLXYXQV9TM" failures="0" tests="14" name="Home Page Test" time="21.837" errors="0" timestamp="2025-06-15T18:56:41 IST">
  <testcase classname="com.qa.opencart.test.HomePageTest" name="getFooterLinkTest" time="0.082"/>
  <testcase classname="com.qa.opencart.test.HomePageTest" name="getFooterLinkTest" time="0.065"/>
  <testcase classname="com.qa.opencart.test.HomePageTest" name="getFooterLinkTest" time="0.089"/>
  <testcase classname="com.qa.opencart.test.HomePageTest" name="getFooterLinkTest" time="0.13"/>
  <testcase classname="com.qa.opencart.test.HomePageTest" name="homePageHeadersTest" time="0.587"/>
  <testcase classname="com.qa.opencart.test.HomePageTest" name="homePageTitleTest" time="0.003"/>
  <testcase classname="com.qa.opencart.test.HomePageTest" name="homePageUrl" time="0.003"/>
  <testcase classname="com.qa.opencart.test.HomePageTest" name="logoDisplayedTest" time="0.003"/>
  <testcase classname="com.qa.opencart.test.HomePageTest" name="logoutLinkExistTest" time="0.127"/>
  <testcase classname="com.qa.opencart.test.HomePageTest" name="searchTest" time="1.696"/>
  <testcase classname="com.qa.opencart.test.HomePageTest" name="searchTest" time="1.665"/>
  <testcase classname="com.qa.opencart.test.HomePageTest" name="searchTest" time="1.647"/>
  <testcase classname="com.qa.opencart.test.HomePageTest" name="searchTest" time="1.463"/>
  <testcase classname="com.qa.opencart.test.HomePageTest" name="searchTest" time="6.41"/>
</testsuite> <!-- Home Page Test -->
