<?xml version="1.0" encoding="UTF-8"?>
<!-- Generated by org.testng.reporters.JUnitXMLReporter -->
<testsuite ignored="0" hostname="FLXYXQV9TM" failures="0" tests="9" name="Login Page Test_chrome_234" time="8.155" errors="0" timestamp="2025-06-15T18:59:47 IST">
  <testcase classname="com.qa.opencart.test.LoginPageTest" name="forgotPassLinkExist" time="0.07"/>
  <testcase classname="com.qa.opencart.test.LoginPageTest" name="getFooterLinkTest" time="0.047"/>
  <testcase classname="com.qa.opencart.test.LoginPageTest" name="getFooterLinkTest" time="0.05"/>
  <testcase classname="com.qa.opencart.test.LoginPageTest" name="getFooterLinkTest" time="0.04"/>
  <testcase classname="com.qa.opencart.test.LoginPageTest" name="getFooterLinkTest" time="0.04"/>
  <testcase classname="com.qa.opencart.test.LoginPageTest" name="loginPageTitleTest" time="0.003"/>
  <testcase classname="com.qa.opencart.test.LoginPageTest" name="loginPageUrl" time="0.003"/>
  <testcase classname="com.qa.opencart.test.LoginPageTest" name="logoDisplayedTest" time="0.002"/>
  <testcase classname="com.qa.opencart.test.LoginPageTest" name="doLoginTest" time="2.979"/>
</testsuite> <!-- Login Page Test_chrome_234 -->
