<?xml version="1.0" encoding="UTF-8"?>
<!-- Generated by org.testng.reporters.JUnitXMLReporter -->
<testsuite ignored="0" hostname="FLXYXQV9TM" failures="0" tests="9" name="Login Page Test_chrome_126" time="6.92" errors="0" timestamp="2025-06-15T18:59:46 IST">
  <testcase classname="com.qa.opencart.test.LoginPageTest" name="forgotPassLinkExist" time="0.287"/>
  <testcase classname="com.qa.opencart.test.LoginPageTest" name="getFooterLinkTest" time="0.085"/>
  <testcase classname="com.qa.opencart.test.LoginPageTest" name="getFooterLinkTest" time="0.06"/>
  <testcase classname="com.qa.opencart.test.LoginPageTest" name="getFooterLinkTest" time="0.052"/>
  <testcase classname="com.qa.opencart.test.LoginPageTest" name="getFooterLinkTest" time="0.049"/>
  <testcase classname="com.qa.opencart.test.LoginPageTest" name="loginPageTitleTest" time="0.007"/>
  <testcase classname="com.qa.opencart.test.LoginPageTest" name="loginPageUrl" time="0.006"/>
  <testcase classname="com.qa.opencart.test.LoginPageTest" name="logoDisplayedTest" time="0.006"/>
  <testcase classname="com.qa.opencart.test.LoginPageTest" name="doLoginTest" time="2.762"/>
</testsuite> <!-- Login Page Test_chrome_126 -->
