<?xml version="1.0" encoding="UTF-8"?>
<!-- Generated by org.testng.reporters.JUnitXMLReporter -->
<testsuite ignored="0" hostname="FLXYXQV9TM" failures="0" tests="13" name="Product Info Page Test_firefox_125" time="69.636" errors="0" timestamp="2025-06-15T18:57:28 IST">
  <testcase classname="com.qa.opencart.test.ProductInfoPageTest" name="addTocartTest" time="8.104"/>
  <testcase classname="com.qa.opencart.test.ProductInfoPageTest" name="productImagesCountTest" time="4.025"/>
  <testcase classname="com.qa.opencart.test.ProductInfoPageTest" name="productImagesCountTest" time="4.18"/>
  <testcase classname="com.qa.opencart.test.ProductInfoPageTest" name="productImagesCountTest" time="4.434"/>
  <testcase classname="com.qa.opencart.test.ProductInfoPageTest" name="productImagesCountTest" time="4.319"/>
  <testcase classname="com.qa.opencart.test.ProductInfoPageTest" name="productImagesCountTest" time="4.376"/>
  <testcase classname="com.qa.opencart.test.ProductInfoPageTest" name="productInformationTest" time="5.202"/>
  <testcase classname="com.qa.opencart.test.ProductInfoPageTest" name="productSearchHeaderTest" time="4.225"/>
  <testcase classname="com.qa.opencart.test.ProductInfoPageTest" name="productSearchHeaderTest" time="4.16"/>
  <testcase classname="com.qa.opencart.test.ProductInfoPageTest" name="productSearchHeaderTest" time="3.988"/>
  <testcase classname="com.qa.opencart.test.ProductInfoPageTest" name="productSearchHeaderTest" time="3.971"/>
  <testcase classname="com.qa.opencart.test.ProductInfoPageTest" name="productSearchHeaderTest" time="4.237"/>
  <testcase classname="com.qa.opencart.test.ProductInfoPageTest" name="logoutFromApplication" time="7.469"/>
</testsuite> <!-- Product Info Page Test_firefox_125 -->
