<?xml version="1.0" encoding="UTF-8"?>
<testng-results ignored="0" total="18" passed="18" failed="0" skipped="0">
  <reporter-output>
  </reporter-output>
  <suite started-at="2025-06-15T18:59:39 IST" name="Opencart App Test Regression Suite" finished-at="2025-06-15T18:59:47 IST" duration-ms="8155">
    <groups>
    </groups>
    <test started-at="2025-06-15T18:59:39 IST" name="Login Page Test_chrome_126" finished-at="2025-06-15T18:59:46 IST" duration-ms="6920">
      <class name="com.qa.opencart.test.LoginPageTest">
        <test-method is-config="true" signature="setup(java.lang.String)[pri:0, instance:com.qa.opencart.test.LoginPageTest@49fb0bbd]" started-at="2025-06-15T18:59:39 IST" name="setup" description="Initialise the driver and properties" finished-at="2025-06-15T18:59:42 IST" duration-ms="3406" status="PASS">
          <params>
            <param index="0">
              <value>
                <![CDATA[chrome]]>
              </value>
            </param>
          </params>
          <reporter-output>
          </reporter-output>
        </test-method> <!-- setup -->
        <test-method signature="forgotPassLinkExist()[pri:0, instance:com.qa.opencart.test.LoginPageTest@49fb0bbd]" started-at="2025-06-15T18:59:42 IST" name="forgotPassLinkExist" finished-at="2025-06-15T18:59:42 IST" duration-ms="287" status="PASS">
          <reporter-output>
          </reporter-output>
        </test-method> <!-- forgotPassLinkExist -->
        <test-method is-config="true" signature="attachScreenShot(org.testng.ITestResult)[pri:0, instance:com.qa.opencart.test.LoginPageTest@49fb0bbd]" started-at="2025-06-15T18:59:42 IST" name="attachScreenShot" description="Taking the screenshot only when test case failed" finished-at="2025-06-15T18:59:42 IST" duration-ms="1" status="PASS">
          <params>
            <param index="0">
              <value>
                <![CDATA[[TestResult name=forgotPassLinkExist status=SUCCESS method=LoginPageTest.forgotPassLinkExist()[pri:0, instance:com.qa.opencart.test.LoginPageTest@49fb0bbd] output={null}]]]>
              </value>
            </param>
          </params>
          <reporter-output>
          </reporter-output>
        </test-method> <!-- attachScreenShot -->
        <test-method signature="getFooterLinkTest(java.lang.String)[pri:0, instance:com.qa.opencart.test.LoginPageTest@49fb0bbd]" started-at="2025-06-15T18:59:42 IST" name="getFooterLinkTest" description="Checking Important Footer Links on HomePage" data-provider="getFooterData" finished-at="2025-06-15T18:59:42 IST" duration-ms="85" status="PASS">
          <params>
            <param index="0">
              <value>
                <![CDATA[Returns]]>
              </value>
            </param>
          </params>
          <reporter-output>
          </reporter-output>
        </test-method> <!-- getFooterLinkTest -->
        <test-method is-config="true" signature="attachScreenShot(org.testng.ITestResult)[pri:0, instance:com.qa.opencart.test.LoginPageTest@49fb0bbd]" started-at="2025-06-15T18:59:42 IST" name="attachScreenShot" description="Taking the screenshot only when test case failed" finished-at="2025-06-15T18:59:42 IST" duration-ms="1" status="PASS">
          <params>
            <param index="0">
              <value>
                <![CDATA[[TestResult name=getFooterLinkTest status=SUCCESS method=LoginPageTest.getFooterLinkTest(java.lang.String)[pri:0, instance:com.qa.opencart.test.LoginPageTest@49fb0bbd] output={null}]]]>
              </value>
            </param>
          </params>
          <reporter-output>
          </reporter-output>
        </test-method> <!-- attachScreenShot -->
        <test-method signature="getFooterLinkTest(java.lang.String)[pri:0, instance:com.qa.opencart.test.LoginPageTest@49fb0bbd]" started-at="2025-06-15T18:59:42 IST" name="getFooterLinkTest" description="Checking Important Footer Links on HomePage" data-provider="getFooterData" finished-at="2025-06-15T18:59:43 IST" duration-ms="60" status="PASS">
          <params>
            <param index="0">
              <value>
                <![CDATA[Contact Us]]>
              </value>
            </param>
          </params>
          <reporter-output>
          </reporter-output>
        </test-method> <!-- getFooterLinkTest -->
        <test-method is-config="true" signature="attachScreenShot(org.testng.ITestResult)[pri:0, instance:com.qa.opencart.test.LoginPageTest@49fb0bbd]" started-at="2025-06-15T18:59:43 IST" name="attachScreenShot" description="Taking the screenshot only when test case failed" finished-at="2025-06-15T18:59:43 IST" duration-ms="1" status="PASS">
          <params>
            <param index="0">
              <value>
                <![CDATA[[TestResult name=getFooterLinkTest status=SUCCESS method=LoginPageTest.getFooterLinkTest(java.lang.String)[pri:0, instance:com.qa.opencart.test.LoginPageTest@49fb0bbd] output={null}]]]>
              </value>
            </param>
          </params>
          <reporter-output>
          </reporter-output>
        </test-method> <!-- attachScreenShot -->
        <test-method signature="getFooterLinkTest(java.lang.String)[pri:0, instance:com.qa.opencart.test.LoginPageTest@49fb0bbd]" started-at="2025-06-15T18:59:43 IST" name="getFooterLinkTest" description="Checking Important Footer Links on HomePage" data-provider="getFooterData" finished-at="2025-06-15T18:59:43 IST" duration-ms="52" status="PASS">
          <params>
            <param index="0">
              <value>
                <![CDATA[Site Map]]>
              </value>
            </param>
          </params>
          <reporter-output>
          </reporter-output>
        </test-method> <!-- getFooterLinkTest -->
        <test-method is-config="true" signature="attachScreenShot(org.testng.ITestResult)[pri:0, instance:com.qa.opencart.test.LoginPageTest@49fb0bbd]" started-at="2025-06-15T18:59:43 IST" name="attachScreenShot" description="Taking the screenshot only when test case failed" finished-at="2025-06-15T18:59:43 IST" duration-ms="0" status="PASS">
          <params>
            <param index="0">
              <value>
                <![CDATA[[TestResult name=getFooterLinkTest status=SUCCESS method=LoginPageTest.getFooterLinkTest(java.lang.String)[pri:0, instance:com.qa.opencart.test.LoginPageTest@49fb0bbd] output={null}]]]>
              </value>
            </param>
          </params>
          <reporter-output>
          </reporter-output>
        </test-method> <!-- attachScreenShot -->
        <test-method signature="getFooterLinkTest(java.lang.String)[pri:0, instance:com.qa.opencart.test.LoginPageTest@49fb0bbd]" started-at="2025-06-15T18:59:43 IST" name="getFooterLinkTest" description="Checking Important Footer Links on HomePage" data-provider="getFooterData" finished-at="2025-06-15T18:59:43 IST" duration-ms="49" status="PASS">
          <params>
            <param index="0">
              <value>
                <![CDATA[Gift Certificates]]>
              </value>
            </param>
          </params>
          <reporter-output>
          </reporter-output>
        </test-method> <!-- getFooterLinkTest -->
        <test-method is-config="true" signature="attachScreenShot(org.testng.ITestResult)[pri:0, instance:com.qa.opencart.test.LoginPageTest@49fb0bbd]" started-at="2025-06-15T18:59:43 IST" name="attachScreenShot" description="Taking the screenshot only when test case failed" finished-at="2025-06-15T18:59:43 IST" duration-ms="0" status="PASS">
          <params>
            <param index="0">
              <value>
                <![CDATA[[TestResult name=getFooterLinkTest status=SUCCESS method=LoginPageTest.getFooterLinkTest(java.lang.String)[pri:0, instance:com.qa.opencart.test.LoginPageTest@49fb0bbd] output={null}]]]>
              </value>
            </param>
          </params>
          <reporter-output>
          </reporter-output>
        </test-method> <!-- attachScreenShot -->
        <test-method signature="loginPageTitleTest()[pri:0, instance:com.qa.opencart.test.LoginPageTest@49fb0bbd]" started-at="2025-06-15T18:59:43 IST" name="loginPageTitleTest" finished-at="2025-06-15T18:59:43 IST" duration-ms="7" status="PASS">
          <reporter-output>
          </reporter-output>
        </test-method> <!-- loginPageTitleTest -->
        <test-method is-config="true" signature="attachScreenShot(org.testng.ITestResult)[pri:0, instance:com.qa.opencart.test.LoginPageTest@49fb0bbd]" started-at="2025-06-15T18:59:43 IST" name="attachScreenShot" description="Taking the screenshot only when test case failed" finished-at="2025-06-15T18:59:43 IST" duration-ms="0" status="PASS">
          <params>
            <param index="0">
              <value>
                <![CDATA[[TestResult name=loginPageTitleTest status=SUCCESS method=LoginPageTest.loginPageTitleTest()[pri:0, instance:com.qa.opencart.test.LoginPageTest@49fb0bbd] output={null}]]]>
              </value>
            </param>
          </params>
          <reporter-output>
          </reporter-output>
        </test-method> <!-- attachScreenShot -->
        <test-method signature="loginPageUrl()[pri:0, instance:com.qa.opencart.test.LoginPageTest@49fb0bbd]" started-at="2025-06-15T18:59:43 IST" name="loginPageUrl" finished-at="2025-06-15T18:59:43 IST" duration-ms="6" status="PASS">
          <reporter-output>
          </reporter-output>
        </test-method> <!-- loginPageUrl -->
        <test-method is-config="true" signature="attachScreenShot(org.testng.ITestResult)[pri:0, instance:com.qa.opencart.test.LoginPageTest@49fb0bbd]" started-at="2025-06-15T18:59:43 IST" name="attachScreenShot" description="Taking the screenshot only when test case failed" finished-at="2025-06-15T18:59:43 IST" duration-ms="1" status="PASS">
          <params>
            <param index="0">
              <value>
                <![CDATA[[TestResult name=loginPageUrl status=SUCCESS method=LoginPageTest.loginPageUrl()[pri:0, instance:com.qa.opencart.test.LoginPageTest@49fb0bbd] output={null}]]]>
              </value>
            </param>
          </params>
          <reporter-output>
          </reporter-output>
        </test-method> <!-- attachScreenShot -->
        <test-method signature="logoDisplayedTest()[pri:0, instance:com.qa.opencart.test.LoginPageTest@49fb0bbd]" started-at="2025-06-15T18:59:43 IST" name="logoDisplayedTest" description="Checking Logo on Home Page" finished-at="2025-06-15T18:59:43 IST" duration-ms="6" status="PASS">
          <reporter-output>
          </reporter-output>
        </test-method> <!-- logoDisplayedTest -->
        <test-method is-config="true" signature="attachScreenShot(org.testng.ITestResult)[pri:0, instance:com.qa.opencart.test.LoginPageTest@49fb0bbd]" started-at="2025-06-15T18:59:43 IST" name="attachScreenShot" description="Taking the screenshot only when test case failed" finished-at="2025-06-15T18:59:43 IST" duration-ms="0" status="PASS">
          <params>
            <param index="0">
              <value>
                <![CDATA[[TestResult name=logoDisplayedTest status=SUCCESS method=LoginPageTest.logoDisplayedTest()[pri:0, instance:com.qa.opencart.test.LoginPageTest@49fb0bbd] output={null}]]]>
              </value>
            </param>
          </params>
          <reporter-output>
          </reporter-output>
        </test-method> <!-- attachScreenShot -->
        <test-method signature="doLoginTest()[pri:2147483647, instance:com.qa.opencart.test.LoginPageTest@49fb0bbd]" started-at="2025-06-15T18:59:43 IST" name="doLoginTest" finished-at="2025-06-15T18:59:45 IST" duration-ms="2762" status="PASS">
          <reporter-output>
          </reporter-output>
        </test-method> <!-- doLoginTest -->
        <test-method is-config="true" signature="attachScreenShot(org.testng.ITestResult)[pri:0, instance:com.qa.opencart.test.LoginPageTest@49fb0bbd]" started-at="2025-06-15T18:59:45 IST" name="attachScreenShot" description="Taking the screenshot only when test case failed" finished-at="2025-06-15T18:59:45 IST" duration-ms="0" status="PASS">
          <params>
            <param index="0">
              <value>
                <![CDATA[[TestResult name=doLoginTest status=SUCCESS method=LoginPageTest.doLoginTest()[pri:2147483647, instance:com.qa.opencart.test.LoginPageTest@49fb0bbd] output={null}]]]>
              </value>
            </param>
          </params>
          <reporter-output>
          </reporter-output>
        </test-method> <!-- attachScreenShot -->
        <test-method is-config="true" signature="tearDown()[pri:0, instance:com.qa.opencart.test.LoginPageTest@49fb0bbd]" started-at="2025-06-15T18:59:45 IST" name="tearDown" description="tearDown: Closing the browser" finished-at="2025-06-15T18:59:46 IST" duration-ms="110" status="PASS">
          <reporter-output>
          </reporter-output>
        </test-method> <!-- tearDown -->
      </class> <!-- com.qa.opencart.test.LoginPageTest -->
    </test> <!-- Login Page Test_chrome_126 -->
    <test started-at="2025-06-15T18:59:39 IST" name="Login Page Test_chrome_234" finished-at="2025-06-15T18:59:47 IST" duration-ms="8155">
      <class name="com.qa.opencart.test.LoginPageTest">
        <test-method is-config="true" signature="setup(java.lang.String)[pri:0, instance:com.qa.opencart.test.LoginPageTest@839df62]" started-at="2025-06-15T18:59:39 IST" name="setup" description="Initialise the driver and properties" finished-at="2025-06-15T18:59:43 IST" duration-ms="4290" status="PASS">
          <params>
            <param index="0">
              <value>
                <![CDATA[firefox]]>
              </value>
            </param>
          </params>
          <reporter-output>
          </reporter-output>
        </test-method> <!-- setup -->
        <test-method signature="forgotPassLinkExist()[pri:0, instance:com.qa.opencart.test.LoginPageTest@839df62]" started-at="2025-06-15T18:59:43 IST" name="forgotPassLinkExist" finished-at="2025-06-15T18:59:43 IST" duration-ms="70" status="PASS">
          <reporter-output>
          </reporter-output>
        </test-method> <!-- forgotPassLinkExist -->
        <test-method signature="getFooterLinkTest(java.lang.String)[pri:0, instance:com.qa.opencart.test.LoginPageTest@839df62]" started-at="2025-06-15T18:59:43 IST" name="getFooterLinkTest" description="Checking Important Footer Links on HomePage" data-provider="getFooterData" finished-at="2025-06-15T18:59:43 IST" duration-ms="47" status="PASS">
          <params>
            <param index="0">
              <value>
                <![CDATA[Returns]]>
              </value>
            </param>
          </params>
          <reporter-output>
          </reporter-output>
        </test-method> <!-- getFooterLinkTest -->
        <test-method is-config="true" signature="attachScreenShot(org.testng.ITestResult)[pri:0, instance:com.qa.opencart.test.LoginPageTest@839df62]" started-at="2025-06-15T18:59:43 IST" name="attachScreenShot" description="Taking the screenshot only when test case failed" finished-at="2025-06-15T18:59:43 IST" duration-ms="0" status="PASS">
          <params>
            <param index="0">
              <value>
                <![CDATA[[TestResult name=forgotPassLinkExist status=SUCCESS method=LoginPageTest.forgotPassLinkExist()[pri:0, instance:com.qa.opencart.test.LoginPageTest@839df62] output={null}]]]>
              </value>
            </param>
          </params>
          <reporter-output>
          </reporter-output>
        </test-method> <!-- attachScreenShot -->
        <test-method is-config="true" signature="attachScreenShot(org.testng.ITestResult)[pri:0, instance:com.qa.opencart.test.LoginPageTest@839df62]" started-at="2025-06-15T18:59:43 IST" name="attachScreenShot" description="Taking the screenshot only when test case failed" finished-at="2025-06-15T18:59:43 IST" duration-ms="0" status="PASS">
          <params>
            <param index="0">
              <value>
                <![CDATA[[TestResult name=getFooterLinkTest status=SUCCESS method=LoginPageTest.getFooterLinkTest(java.lang.String)[pri:0, instance:com.qa.opencart.test.LoginPageTest@839df62] output={null}]]]>
              </value>
            </param>
          </params>
          <reporter-output>
          </reporter-output>
        </test-method> <!-- attachScreenShot -->
        <test-method signature="getFooterLinkTest(java.lang.String)[pri:0, instance:com.qa.opencart.test.LoginPageTest@839df62]" started-at="2025-06-15T18:59:43 IST" name="getFooterLinkTest" description="Checking Important Footer Links on HomePage" data-provider="getFooterData" finished-at="2025-06-15T18:59:43 IST" duration-ms="50" status="PASS">
          <params>
            <param index="0">
              <value>
                <![CDATA[Contact Us]]>
              </value>
            </param>
          </params>
          <reporter-output>
          </reporter-output>
        </test-method> <!-- getFooterLinkTest -->
        <test-method signature="getFooterLinkTest(java.lang.String)[pri:0, instance:com.qa.opencart.test.LoginPageTest@839df62]" started-at="2025-06-15T18:59:43 IST" name="getFooterLinkTest" description="Checking Important Footer Links on HomePage" data-provider="getFooterData" finished-at="2025-06-15T18:59:43 IST" duration-ms="40" status="PASS">
          <params>
            <param index="0">
              <value>
                <![CDATA[Site Map]]>
              </value>
            </param>
          </params>
          <reporter-output>
          </reporter-output>
        </test-method> <!-- getFooterLinkTest -->
        <test-method is-config="true" signature="attachScreenShot(org.testng.ITestResult)[pri:0, instance:com.qa.opencart.test.LoginPageTest@839df62]" started-at="2025-06-15T18:59:43 IST" name="attachScreenShot" description="Taking the screenshot only when test case failed" finished-at="2025-06-15T18:59:43 IST" duration-ms="0" status="PASS">
          <params>
            <param index="0">
              <value>
                <![CDATA[[TestResult name=getFooterLinkTest status=SUCCESS method=LoginPageTest.getFooterLinkTest(java.lang.String)[pri:0, instance:com.qa.opencart.test.LoginPageTest@839df62] output={null}]]]>
              </value>
            </param>
          </params>
          <reporter-output>
          </reporter-output>
        </test-method> <!-- attachScreenShot -->
        <test-method signature="getFooterLinkTest(java.lang.String)[pri:0, instance:com.qa.opencart.test.LoginPageTest@839df62]" started-at="2025-06-15T18:59:43 IST" name="getFooterLinkTest" description="Checking Important Footer Links on HomePage" data-provider="getFooterData" finished-at="2025-06-15T18:59:43 IST" duration-ms="40" status="PASS">
          <params>
            <param index="0">
              <value>
                <![CDATA[Gift Certificates]]>
              </value>
            </param>
          </params>
          <reporter-output>
          </reporter-output>
        </test-method> <!-- getFooterLinkTest -->
        <test-method is-config="true" signature="attachScreenShot(org.testng.ITestResult)[pri:0, instance:com.qa.opencart.test.LoginPageTest@839df62]" started-at="2025-06-15T18:59:43 IST" name="attachScreenShot" description="Taking the screenshot only when test case failed" finished-at="2025-06-15T18:59:43 IST" duration-ms="0" status="PASS">
          <params>
            <param index="0">
              <value>
                <![CDATA[[TestResult name=getFooterLinkTest status=SUCCESS method=LoginPageTest.getFooterLinkTest(java.lang.String)[pri:0, instance:com.qa.opencart.test.LoginPageTest@839df62] output={null}]]]>
              </value>
            </param>
          </params>
          <reporter-output>
          </reporter-output>
        </test-method> <!-- attachScreenShot -->
        <test-method is-config="true" signature="attachScreenShot(org.testng.ITestResult)[pri:0, instance:com.qa.opencart.test.LoginPageTest@839df62]" started-at="2025-06-15T18:59:43 IST" name="attachScreenShot" description="Taking the screenshot only when test case failed" finished-at="2025-06-15T18:59:43 IST" duration-ms="0" status="PASS">
          <params>
            <param index="0">
              <value>
                <![CDATA[[TestResult name=getFooterLinkTest status=SUCCESS method=LoginPageTest.getFooterLinkTest(java.lang.String)[pri:0, instance:com.qa.opencart.test.LoginPageTest@839df62] output={null}]]]>
              </value>
            </param>
          </params>
          <reporter-output>
          </reporter-output>
        </test-method> <!-- attachScreenShot -->
        <test-method signature="loginPageTitleTest()[pri:0, instance:com.qa.opencart.test.LoginPageTest@839df62]" started-at="2025-06-15T18:59:43 IST" name="loginPageTitleTest" finished-at="2025-06-15T18:59:43 IST" duration-ms="3" status="PASS">
          <reporter-output>
          </reporter-output>
        </test-method> <!-- loginPageTitleTest -->
        <test-method is-config="true" signature="attachScreenShot(org.testng.ITestResult)[pri:0, instance:com.qa.opencart.test.LoginPageTest@839df62]" started-at="2025-06-15T18:59:43 IST" name="attachScreenShot" description="Taking the screenshot only when test case failed" finished-at="2025-06-15T18:59:43 IST" duration-ms="1" status="PASS">
          <params>
            <param index="0">
              <value>
                <![CDATA[[TestResult name=loginPageTitleTest status=SUCCESS method=LoginPageTest.loginPageTitleTest()[pri:0, instance:com.qa.opencart.test.LoginPageTest@839df62] output={null}]]]>
              </value>
            </param>
          </params>
          <reporter-output>
          </reporter-output>
        </test-method> <!-- attachScreenShot -->
        <test-method signature="loginPageUrl()[pri:0, instance:com.qa.opencart.test.LoginPageTest@839df62]" started-at="2025-06-15T18:59:43 IST" name="loginPageUrl" finished-at="2025-06-15T18:59:43 IST" duration-ms="3" status="PASS">
          <reporter-output>
          </reporter-output>
        </test-method> <!-- loginPageUrl -->
        <test-method is-config="true" signature="attachScreenShot(org.testng.ITestResult)[pri:0, instance:com.qa.opencart.test.LoginPageTest@839df62]" started-at="2025-06-15T18:59:43 IST" name="attachScreenShot" description="Taking the screenshot only when test case failed" finished-at="2025-06-15T18:59:43 IST" duration-ms="0" status="PASS">
          <params>
            <param index="0">
              <value>
                <![CDATA[[TestResult name=loginPageUrl status=SUCCESS method=LoginPageTest.loginPageUrl()[pri:0, instance:com.qa.opencart.test.LoginPageTest@839df62] output={null}]]]>
              </value>
            </param>
          </params>
          <reporter-output>
          </reporter-output>
        </test-method> <!-- attachScreenShot -->
        <test-method signature="logoDisplayedTest()[pri:0, instance:com.qa.opencart.test.LoginPageTest@839df62]" started-at="2025-06-15T18:59:43 IST" name="logoDisplayedTest" description="Checking Logo on Home Page" finished-at="2025-06-15T18:59:43 IST" duration-ms="2" status="PASS">
          <reporter-output>
          </reporter-output>
        </test-method> <!-- logoDisplayedTest -->
        <test-method is-config="true" signature="attachScreenShot(org.testng.ITestResult)[pri:0, instance:com.qa.opencart.test.LoginPageTest@839df62]" started-at="2025-06-15T18:59:43 IST" name="attachScreenShot" description="Taking the screenshot only when test case failed" finished-at="2025-06-15T18:59:43 IST" duration-ms="0" status="PASS">
          <params>
            <param index="0">
              <value>
                <![CDATA[[TestResult name=logoDisplayedTest status=SUCCESS method=LoginPageTest.logoDisplayedTest()[pri:0, instance:com.qa.opencart.test.LoginPageTest@839df62] output={null}]]]>
              </value>
            </param>
          </params>
          <reporter-output>
          </reporter-output>
        </test-method> <!-- attachScreenShot -->
        <test-method signature="doLoginTest()[pri:2147483647, instance:com.qa.opencart.test.LoginPageTest@839df62]" started-at="2025-06-15T18:59:43 IST" name="doLoginTest" finished-at="2025-06-15T18:59:46 IST" duration-ms="2979" status="PASS">
          <reporter-output>
          </reporter-output>
        </test-method> <!-- doLoginTest -->
        <test-method is-config="true" signature="attachScreenShot(org.testng.ITestResult)[pri:0, instance:com.qa.opencart.test.LoginPageTest@839df62]" started-at="2025-06-15T18:59:46 IST" name="attachScreenShot" description="Taking the screenshot only when test case failed" finished-at="2025-06-15T18:59:46 IST" duration-ms="0" status="PASS">
          <params>
            <param index="0">
              <value>
                <![CDATA[[TestResult name=doLoginTest status=SUCCESS method=LoginPageTest.doLoginTest()[pri:2147483647, instance:com.qa.opencart.test.LoginPageTest@839df62] output={null}]]]>
              </value>
            </param>
          </params>
          <reporter-output>
          </reporter-output>
        </test-method> <!-- attachScreenShot -->
        <test-method is-config="true" signature="tearDown()[pri:0, instance:com.qa.opencart.test.LoginPageTest@839df62]" started-at="2025-06-15T18:59:46 IST" name="tearDown" description="tearDown: Closing the browser" finished-at="2025-06-15T18:59:47 IST" duration-ms="606" status="PASS">
          <reporter-output>
          </reporter-output>
        </test-method> <!-- tearDown -->
      </class> <!-- com.qa.opencart.test.LoginPageTest -->
    </test> <!-- Login Page Test_chrome_234 -->
  </suite> <!-- Opencart App Test Regression Suite -->
</testng-results>
